34
144 1 
2159 
841 2 
97336 53547 
13 2 
35977 27540 
198 4 
43277 72862 85926 67461 
682 6 
37421 62803 99911 71748 36725 2095 
231 6 
23534 32599 2623 49217 51340 32684 
70 7 
69450 59038 12609 39147 64693 46955 51218 
281 7 
39307 98763 35282 44849 28028 61772 34826 
936 7 
61472 91792 35974 30600 31663 6219 16142 
81 10 
31106 4736 53156 37652 61114 2707 30539 24063 79916 86279 
44 7 
48493 12732 6481 11301 19798 7177 67337 
328 11 
19527 81785 49207 53214 96227 33938 25160 19780 367 33740 43999 
120 10 
27416 25587 77479 90825 54379 37305 44585 84406 8848 26106 
856 13 
28413 28726 62884 11792 57723 18910 45789 9664 76147 44849 24378 93699 20892 
471 13 
73414 14167 18841 6961 51538 81107 15816 90830 12704 32118 35339 73200 3483 
463 9 
51567 84698 9592 69374 4723 16211 55917 72088 3496 
552 11 
94290 26350 9877 25992 95124 47379 43328 49661 64790 55545 19646 
416 12 
85126 92947 78105 1804 94715 79390 43182 14666 17330 17636 72703 77021 
386 14 
43600 36458 18421 31085 33385 65711 67088 17512 23902 89204 46755 41109 6016 85219 
948 16 
98258 89537 39097 39578 91111 79672 36420 96773 6900 11347 25708 49716 53225 28157 55675 47500 
275 20 
5874 56099 68837 37622 80390 58119 90778 15809 28202 89075 62421 34654 87440 65345 19197 24185 44687 56813 13727 78046 
435 17 
21866 79112 37475 40494 3191 48405 34241 81036 468 58609 56133 87514 11718 97688 84965 31747 34335 
703 16 
9559 71501 14638 90768 81481 47401 39512 60396 26371 54963 1560 49064 18747 44773 129 87338 
406 16 
22702 33777 95533 82163 83364 97729 71181 7785 32315 11373 5175 39409 54313 38572 76263 80456 
541 16 
1339 59810 43135 93491 27260 54475 65129 62190 80208 24930 73074 96782 34813 53375 30209 93418 
629 24 
58470 85930 44720 44432 94070 72254 15381 4119 44767 56522 33843 32770 86651 59031 78674 76198 6335 40806 7430 49760 61500 42790 49084 40469 
565 25 
18298 73215 11480 28502 47926 23335 7647 9327 46138 21867 15498 17779 2500 44973 54181 49006 86886 99859 96649 59448 82707 81791 55720 11011 77673 
221 20 
95958 68448 8930 44632 4511 71305 7527 55582 59295 96568 9653 62039 69314 63931 2939 58210 30788 18439 66391 47015 
762 17 
67087 9091 44445 74542 22616 71309 7198 65447 34911 5687 12704 77147 51709 82838 8710 48424 55343 
450 23 
96331 34850 1731 16126 33222 57628 33142 26416 17196 29185 38383 78089 54622 69742 5722 41428 361 25354 34350 41943 99360 62328 98694 
628 24 
26672 39111 36084 20111 90249 5476 28769 46407 24701 21435 61834 98692 84904 2077 76074 86412 11306 41450 75296 195 71292 62512 7421 41304 
761 24 
50358 98277 43034 96592 24676 77219 15455 32275 6162 41984 78140 38096 11921 90488 31384 87097 35721 7130 25330 42292 37498 32368 41509 95034 
146 23 
65870 56219 49987 45698 24660 64312 8225 24728 95077 59379 93375 60993 70432 57078 97504 16197 91766 77474 34321 10833 46781 88157 65104 
947 27 
49411 34904 3174 81284 5331 28423 55387 1361 62587 73754 15019 34394 35542 1913 74577 49718 80836 24972 11564 82256 91011 13839 81270 59511 8117 34602 73509 
