203
3832 3 
95860 35265 16635 
626 5 
46041 25467 60277 56379 37101 
8052 3 
81519 74660 99866 
3842 5 
12400 59453 10751 8859 56888 
7394 4 
15914 44619 98554 18300 
2437 4 
24530 57738 39800 75084 
4384 5 
11648 12157 47841 35860 11717 
2509 4 
15991 44888 14228 2006 
6628 5 
22221 33427 33668 90973 92019 
7098 5 
7070 90624 95965 13858 89075 
4462 6 
81924 57863 75480 52688 75102 21739 
6107 5 
63158 54788 75760 35692 40983 
5795 5 
84700 28082 64864 57320 79444 
4444 5 
25569 32882 87811 49509 22022 
5983 6 
63731 43767 10734 68601 86527 88286 
1489 4 
10960 84676 96446 68669 
1286 6 
47537 13734 95531 7345 96233 1507 
5605 7 
87745 15177 42883 37006 51132 2959 69394 
3590 4 
51563 57181 45937 13113 
7835 5 
76123 78364 41831 1884 9571 
9379 5 
45402 37554 81871 12990 38219 
4403 4 
91242 82909 69617 26202 
8236 4 
93640 91595 71801 52580 
1573 5 
54410 95564 24632 37730 93175 
1016 4 
88210 82435 38177 3811 
8316 6 
15930 47223 90133 94677 71145 50564 
3748 3 
20543 10363 92891 
8213 6 
36249 71608 293 41244 64817 23557 
9233 5 
39568 47720 70581 46174 73664 
2240 6 
94801 82465 49021 4273 32689 18780 
767 6 
38823 33923 10948 90546 80862 30450 
4684 5 
57563 25207 82189 75207 41616 
8378 5 
16590 98544 11021 58266 34613 
7456 5 
5913 92438 77273 98979 91990 
7665 6 
10488 12272 40039 70000 35285 13592 
6433 6 
10557 96290 5910 93327 5961 50867 
813 5 
32256 11997 1143 85509 40902 
3079 5 
90319 6397 87578 843 32433 
6993 6 
81627 2980 48603 93421 16950 69164 
1271 6 
28773 39846 35685 91230 13665 73484 
292 5 
53449 90971 33538 96318 97706 
7928 8 
71044 69764 89039 14802 44740 39961 22850 34476 
10 6 
42576 40578 2967 24649 25447 77591 
35 5 
14697 23008 39949 17816 52920 
6761 7 
53101 28729 59530 41537 45826 28765 66015 
2498 8 
43346 69814 73749 12077 28708 39865 30044 54906 
4761 5 
5762 74803 74731 6003 24468 
4710 5 
85880 78330 43311 67135 6909 
2871 6 
37772 65327 39360 86546 57373 1471 
2466 7 
67175 35727 59639 13701 93459 19116 2613 
961 5 
43419 33658 40392 9304 99590 
2947 6 
46635 96459 21906 38207 98124 32741 
4943 7 
87883 50755 38013 12584 25236 22344 63712 
8960 6 
87698 24661 9055 84994 90950 26710 
7866 5 
42094 782 37216 31592 24343 
7422 6 
48469 70949 10471 91533 4558 61478 
8527 6 
65955 94401 16151 9524 19148 60051 
2811 5 
91846 95499 48868 76070 82526 
5582 7 
46074 19790 22810 62665 3960 43071 76124 
925 6 
8095 81649 54049 21489 54010 49873 
2931 6 
57801 63373 33429 59672 91223 48690 
2976 5 
38303 71809 91557 57087 67248 
5308 5 
82452 26162 44135 54410 96532 
433 3 
10289 74877 77698 
3862 6 
71775 15225 16396 74736 68792 13943 
9566 5 
52477 48216 65721 57624 44518 
8927 6 
33460 68159 88313 40811 10032 95160 
6605 6 
36971 75986 53396 35757 26103 29446 
9573 5 
73438 59834 79675 44169 2480 
6959 5 
94465 80912 69000 8805 94854 
3411 5 
3314 36648 41248 7093 70522 
6109 4 
19931 93430 71786 1178 
6463 5 
35200 69117 69851 73533 72385 
1434 5 
10192 88559 67173 46926 57828 
9639 6 
84409 51609 74876 44257 80294 93275 
4627 4 
24657 43516 56179 68943 
6660 6 
715 503 48688 21371 15571 8197 
7713 5 
2676 26360 21411 22803 12043 
266 4 
79088 71792 7361 9028 
794 7 
19740 74291 19230 94453 26937 19564 14396 
4475 5 
69168 15984 14592 62904 66240 
6661 7 
37238 17522 56416 37975 79387 86958 62917 
5509 5 
73549 2168 51834 1810 57971 
1242 6 
40793 28886 42657 5539 85545 53081 
8281 6 
76141 82420 37014 50357 99369 92288 
5874 7 
38016 52348 95237 77884 20119 53553 45223 
2019 5 
65795 71834 52019 57464 62269 
3780 5 
71 10780 72790 39895 54514 
8632 5 
12150 15455 77491 56100 57931 
5885 7 
79516 28311 51579 11689 32249 17288 49250 
4136 6 
23054 32516 82538 76153 98409 78485 
2395 7 
48699 29566 55498 32028 65485 84645 56459 
1508 7 
42613 24102 19562 96432 91455 8568 47208 
7875 6 
1899 94447 42940 66772 19248 27527 
1819 6 
91420 13396 58930 7663 62158 13090 
7025 6 
10805 5509 52644 19809 19506 81812 
8600 7 
3751 13237 89375 84428 27982 71301 31755 
9876 7 
48488 22230 38918 57244 82041 54404 49465 
7487 5 
3486 8540 3233 13594 17619 
5897 6 
73997 68134 79355 5335 42466 8182 
3265 7 
37816 93217 39092 65574 9498 71343 66478 
344 6 
62853 59833 75426 2071 48368 55601 
6473 5 
51189 21482 30685 38145 24494 
1589 4 
58925 87699 50456 21865 
2020 7 
48808 37139 27597 27424 57212 33626 83717 
2105 7 
46999 46413 63984 91108 92679 55190 51655 
6138 7 
23434 16377 10079 33433 50468 45167 41058 
8725 5 
54581 42803 87907 72158 50213 
2544 7 
17663 58985 59519 64936 49617 68213 43933 
3863 5 
63139 94439 90887 62399 79396 
5355 4 
70343 81779 20823 6853 
3912 5 
9287 47014 89278 78654 83920 
8194 5 
64145 97350 17510 43912 42087 
2367 8 
911 81942 96297 68771 2335 62545 85684 65115 
7160 6 
22351 34259 52041 98560 2966 23802 
7168 8 
36602 33760 8315 76146 35693 32745 29546 16205 
7151 6 
61179 86023 75861 17264 38851 31687 
7266 6 
66531 19785 71610 81596 95955 89992 
3354 8 
41159 94438 58495 35278 65762 684 12463 34427 
4330 7 
96715 71274 96206 72368 80442 60050 97836 
8135 4 
72541 67391 93777 31082 
7006 8 
13796 24486 87664 13948 15894 90217 36510 49643 
841 8 
51795 66305 31266 51738 28705 81413 87231 31571 
1861 7 
83577 36478 82072 62512 16674 88773 41096 
2898 7 
31889 3733 4151 39434 26924 27128 15175 
7626 5 
64978 34782 91478 29804 10479 
2721 6 
6677 7218 91923 62891 85313 76938 
6316 4 
92291 80217 45745 66138 
6245 4 
65026 2211 75975 673 
1403 6 
10231 55951 68456 60650 80403 59518 
135 8 
10386 5639 30895 62166 59512 35987 60779 3207 
8657 7 
14330 68039 413 54973 47553 4513 63005 
1619 7 
64868 18077 84316 11813 70913 66443 20145 
1398 7 
53546 99371 71515 71375 76576 68616 19404 
5764 6 
22455 49475 94656 21846 19393 23741 
7221 7 
45204 20758 54877 43834 99827 52456 265 
9188 6 
31659 15639 34212 39482 68249 97307 
1840 6 
21464 54509 67353 18197 40971 63096 
9989 7 
19518 25891 40136 69340 41493 11994 37255 
6908 5 
34065 50819 22853 10183 61145 
9198 6 
2800 68760 56094 74088 59003 78078 
5041 6 
44984 95216 40694 6344 76299 82098 
5321 7 
43115 47769 57305 29741 30320 41430 98558 
3671 6 
38832 52935 60017 85378 36487 72263 
9148 5 
19653 30171 83256 46863 84829 
9308 5 
3306 28271 40543 90102 13737 
5061 5 
44936 30186 62839 74507 46841 
2427 7 
2173 42610 28599 43798 69666 20418 93108 
8264 8 
73485 5559 36427 96851 14517 89474 46880 70759 
8463 7 
28120 62583 48924 97791 81485 98328 5600 
1792 8 
36371 77864 58344 65547 38582 79919 36382 69090 
2624 6 
24420 20516 25284 29384 43112 60927 
9325 4 
64586 40380 27150 79824 
2743 8 
26435 5732 89395 8141 21263 57184 31334 36887 
8402 6 
54632 77403 89322 21096 56229 79383 
1649 7 
92600 76065 60467 52036 25266 25245 23175 
5358 6 
94076 34864 24363 54763 55334 51824 
1637 7 
58686 81321 28650 72206 13540 61946 48483 
8936 6 
49380 802 96158 30265 43570 41698 
5588 8 
59753 90730 12037 18561 14873 98776 53411 60557 
2547 6 
17057 83237 36494 62329 53410 43058 
5935 8 
91765 6027 304 42760 85177 74948 16468 4499 
8661 7 
50550 97226 33526 87073 75847 58123 53263 
6752 6 
79282 4730 75042 10413 9358 30365 
4285 7 
46482 22916 50001 92034 92353 47665 58477 
3831 7 
45262 95758 97043 37192 96074 52117 1385 
5918 6 
94782 17453 74460 6862 92538 33117 
1757 6 
88265 86689 48197 86288 3810 14381 
6902 7 
87326 71819 73429 66272 2063 89815 55892 
1406 7 
98931 74221 46065 18059 90730 48761 50245 
1423 6 
69115 76883 54274 23812 6473 94907 
5099 6 
73635 47295 54441 89562 80317 67432 
7470 7 
24953 84931 47689 25892 99819 58776 30834 
4763 7 
3016 83167 58146 89667 80990 28855 70603 
905 7 
94250 36370 33693 27684 47661 41493 66607 
5757 6 
57198 98236 13486 86566 93922 75406 
9110 6 
99103 67737 54757 93603 78629 8444 
9623 6 
64091 56917 39991 86850 3120 79068 
571 7 
86139 53022 16583 48390 79996 10556 34855 
3114 6 
2205 71798 36065 43492 9504 35377 
8126 8 
45614 7363 19784 70235 30389 20364 99425 23151 
8311 4 
30623 90068 42571 23730 
2727 7 
20809 7405 77878 85989 57861 80810 54193 
8042 6 
94734 95799 58480 76007 80209 36691 
6206 8 
69794 37971 32894 62469 43959 75841 98297 59144 
740 6 
1510 38908 58208 51223 52472 81776 
7865 7 
1917 34105 27154 49160 90794 72684 69241 
4745 5 
35646 52336 83089 9909 87314 
1849 8 
72423 99694 26122 58511 87993 96216 94813 77871 
5114 9 
83395 39537 51753 19101 21348 10816 71274 84008 85069 
996 8 
52106 14434 67176 11497 63027 76223 93589 58851 
8201 4 
23553 29615 1598 79656 
3291 6 
66322 29336 56650 99437 56477 85366 
4014 5 
55607 89780 20704 96015 45552 
7943 8 
3135 47827 312 73886 47444 41555 86278 48613 
8300 8 
62377 33813 41532 31408 10836 54196 60051 92704 
4784 9 
35026 43219 1236 85920 32891 2787 80003 58761 88986 
5226 6 
52468 69939 81726 4393 4140 53523 
7538 6 
83847 95603 34644 83432 78324 26082 
2286 7 
77774 97300 90105 36406 28324 34977 67637 
1231 7 
62763 24078 67879 84602 93993 90934 46637 
6561 7 
6598 41413 62320 84143 81097 89174 50264 
8315 5 
61835 2373 12433 66616 23531 
